[debug] [2022-01-24T12:55:11.288Z] ----------------------------------------------------------------------
[debug] [2022-01-24T12:55:11.292Z] Command:       C:\Program Files\nodejs\node.exe C:\Users\pranj\AppData\Roaming\npm\node_modules\firebase-tools\lib\bin\firebase.js init
[debug] [2022-01-24T12:55:11.293Z] CLI Version:   10.1.2
[debug] [2022-01-24T12:55:11.293Z] Platform:      win32
[debug] [2022-01-24T12:55:11.293Z] Node Version:  v14.15.1
[debug] [2022-01-24T12:55:11.294Z] Time:          Mon Jan 24 2022 18:25:11 GMT+0530 (India Standard Time)
[debug] [2022-01-24T12:55:11.295Z] ----------------------------------------------------------------------
[debug] 
[debug] [2022-01-24T12:55:11.311Z] > command requires scopes: ["email","openid","https://www.googleapis.com/auth/cloudplatformprojects.readonly","https://www.googleapis.com/auth/firebase","https://www.googleapis.com/auth/cloud-platform"]
[debug] [2022-01-24T12:55:11.311Z] > authorizing via signed-in user (pranjalchaplot@gmail.com)
[info] 
     ######## #### ########  ######## ########     ###     ######  ########
     ##        ##  ##     ## ##       ##     ##  ##   ##  ##       ##
     ######    ##  ########  ######   ########  #########  ######  ######
     ##        ##  ##    ##  ##       ##     ## ##     ##       ## ##
     ##       #### ##     ## ######## ########  ##     ##  ######  ########

You're about to initialize a Firebase project in this directory:

  D:\Work\Learning\Learning Web Dev\The Final Schedule\the_final_schedule

[info] 
=== Project Setup
[info] 
[info] First, let's associate this project directory with a Firebase project.
[info] You can create multiple project aliases by running firebase use --add, 
[info] but for now we'll just set up a default project.
[info] 
[debug] [2022-01-24T12:55:27.581Z] >>> [apiv2][query] GET https://firebase.googleapis.com/v1beta1/projects pageSize=100
[debug] [2022-01-24T12:55:29.109Z] <<< [apiv2][status] GET https://firebase.googleapis.com/v1beta1/projects 200
[debug] [2022-01-24T12:55:29.109Z] <<< [apiv2][body] GET https://firebase.googleapis.com/v1beta1/projects [omitted]
[info] i  Using project thefinalschedule (The Final Schedule) 
[info] 
=== Hosting Setup
[info] 
[info] Your public directory is the folder (relative to your project directory) that
[info] will contain Hosting assets to be uploaded with firebase deploy. If you
[info] have a build process for your assets, use your build's output directory.
[info] 
[info] +  Wrote public/404.html 
[debug] [2022-01-24T12:55:53.340Z] >>> [apiv2][query] GET https://www.gstatic.com/firebasejs/releases.json [none]
[debug] [2022-01-24T12:55:53.661Z] <<< [apiv2][status] GET https://www.gstatic.com/firebasejs/releases.json 200
[debug] [2022-01-24T12:55:53.661Z] <<< [apiv2][body] GET https://www.gstatic.com/firebasejs/releases.json {"current":{"version":"9.6.4","browserURL":"https://www.gstatic.com/firebasejs/9.6.4/firebase.js","packageURL":"https://www.gstatic.com/firebasejs/9.6.4/firebase.tgz"},"live":{"version":"9.6","browserURL":"https://www.gstatic.com/firebasejs/live/9.6/firebase.js","packageURL":"https://www.gstatic.com/firebasejs/live/9.6/firebase.tgz"},"components":{"analytics":"https://www.gstatic.com/firebasejs/9.6.4/firebase-analytics.js","app":"https://www.gstatic.com/firebasejs/9.6.4/firebase-app.js","app-check":"https://www.gstatic.com/firebasejs/9.6.4/firebase-app-check.js","auth":"https://www.gstatic.com/firebasejs/9.6.4/firebase-auth.js","auth/cordova":"https://www.gstatic.com/firebasejs/9.6.4/firebase-auth/cordova.js","auth/react-native":"https://www.gstatic.com/firebasejs/9.6.4/firebase-auth/react-native.js","functions":"https://www.gstatic.com/firebasejs/9.6.4/firebase-functions.js","firestore":"https://www.gstatic.com/firebasejs/9.6.4/firebase-firestore.js","firestore/lite":"https://www.gstatic.com/firebasejs/9.6.4/firebase-firestore/lite.js","storage":"https://www.gstatic.com/firebasejs/9.6.4/firebase-storage.js","performance":"https://www.gstatic.com/firebasejs/9.6.4/firebase-performance.js","remote-config":"https://www.gstatic.com/firebasejs/9.6.4/firebase-remote-config.js","messaging":"https://www.gstatic.com/firebasejs/9.6.4/firebase-messaging.js","messaging/sw":"https://www.gstatic.com/firebasejs/9.6.4/firebase-messaging/sw.js","database":"https://www.gstatic.com/firebasejs/9.6.4/firebase-database.js","firestore.memory":"https://www.gstatic.com/firebasejs/9.6.4/firebase-firestore.memory.js"}}
[info] i  Skipping write of public/index.html 
[info] 
[info] i  Detected a .git folder at D:\Work\Learning\Learning Web Dev\The Final Schedule\the_final_schedule 
[info] i  Authorizing with GitHub to upload your service account to a GitHub repository's secrets store. 
[info] 
[info] Visit this URL on this device to log in:
[info] https://github.com/login/oauth/authorize?client_id=89cf50f02ac6aaed3484&state=174030363&redirect_uri=http%3A%2F%2Flocalhost%3A9005&scope=read%3Auser%20repo%20public_repo
[info] 
[info] Waiting for authentication...
[debug] [2022-01-24T12:55:59.186Z] >>> HTTP REQUEST POST https://github.com/login/oauth/access_token  
 {"client_id":"89cf50f02ac6aaed3484","client_secret":"3330d14abc895d9a74d5f17cd7a00711fa2c5bf0","code":"06f3d18362e29691f593","redirect_uri":"http://localhost:9005","state":"174030363"}
[debug] [2022-01-24T12:55:59.755Z] <<< HTTP RESPONSE 200 {"server":"GitHub.com","date":"Mon, 24 Jan 2022 12:56:00 GMT","content-type":"application/json; charset=utf-8","transfer-encoding":"chunked","vary":"X-PJAX, X-PJAX-Container, Accept-Encoding, Accept, X-Requested-With","permissions-policy":"interest-cohort=()","etag":"W/\"86183ab77374b5a99b44605d28cc4e65\"","cache-control":"max-age=0, private, must-revalidate","strict-transport-security":"max-age=31536000; includeSubdomains; preload","x-frame-options":"deny","x-content-type-options":"nosniff","x-xss-protection":"0","referrer-policy":"origin-when-cross-origin, strict-origin-when-cross-origin","expect-ct":"max-age=2592000, report-uri=\"https://api.github.com/_private/browser/errors\"","content-security-policy":"default-src 'none'; base-uri 'self'; block-all-mixed-content; child-src github.com/assets-cdn/worker/ gist.github.com/assets-cdn/worker/; connect-src 'self' uploads.github.com objects-origin.githubusercontent.com www.githubstatus.com collector.githubapp.com api.github.com github-cloud.s3.amazonaws.com github-production-repository-file-5c1aeb.s3.amazonaws.com github-production-upload-manifest-file-7fdce7.s3.amazonaws.com github-production-user-asset-6210df.s3.amazonaws.com cdn.optimizely.com logx.optimizely.com/v1/events translator.github.com wss://alive.github.com; font-src github.githubassets.com; form-action 'self' github.com gist.github.com objects-origin.githubusercontent.com; frame-ancestors 'none'; frame-src render.githubusercontent.com viewscreen.githubusercontent.com notebooks.githubusercontent.com; img-src 'self' data: github.githubassets.com identicons.github.com collector.githubapp.com github-cloud.s3.amazonaws.com secured-user-images.githubusercontent.com/ *.githubusercontent.com; manifest-src 'self'; media-src github.com user-images.githubusercontent.com/; script-src github.githubassets.com; style-src 'unsafe-inline' github.githubassets.com; worker-src github.com/assets-cdn/worker/ gist.github.com/assets-cdn/worker/","x-github-request-id":"E3E7:04AF:BC1436:DB0103:61EEA1DF"}
[debug] [2022-01-24T12:55:59.760Z] >>> [apiv2][query] GET https://api.github.com/user [none]
[debug] [2022-01-24T12:56:00.458Z] <<< [apiv2][status] GET https://api.github.com/user 200
[debug] [2022-01-24T12:56:00.458Z] <<< [apiv2][body] GET https://api.github.com/user {"login":"pranjalchaplot","id":52233809,"node_id":"MDQ6VXNlcjUyMjMzODA5","avatar_url":"https://avatars.githubusercontent.com/u/52233809?v=4","gravatar_id":"","url":"https://api.github.com/users/pranjalchaplot","html_url":"https://github.com/pranjalchaplot","followers_url":"https://api.github.com/users/pranjalchaplot/followers","following_url":"https://api.github.com/users/pranjalchaplot/following{/other_user}","gists_url":"https://api.github.com/users/pranjalchaplot/gists{/gist_id}","starred_url":"https://api.github.com/users/pranjalchaplot/starred{/owner}{/repo}","subscriptions_url":"https://api.github.com/users/pranjalchaplot/subscriptions","organizations_url":"https://api.github.com/users/pranjalchaplot/orgs","repos_url":"https://api.github.com/users/pranjalchaplot/repos","events_url":"https://api.github.com/users/pranjalchaplot/events{/privacy}","received_events_url":"https://api.github.com/users/pranjalchaplot/received_events","type":"User","site_admin":false,"name":"Pranjal Chaplot","company":null,"blog":"pranjalchaplot.github.io","location":"Udaipur, India","email":null,"hireable":null,"bio":"Trying to Code Smart.","twitter_username":"pranjalchaplot","public_repos":32,"public_gists":0,"followers":2,"following":2,"created_at":"2019-06-26T07:02:55Z","updated_at":"2022-01-14T15:45:40Z","private_gists":0,"total_private_repos":2,"owned_private_repos":2,"disk_usage":74984,"collaborators":0,"two_factor_authentication":false,"plan":{"name":"pro","space":976562499,"collaborators":0,"private_repos":9999}}
[info] 
[info] +  Success! Logged into GitHub as pranjalchaplot 
[info] 
[debug] [2022-01-24T12:56:16.648Z] >>> [apiv2][query] GET https://api.github.com/repos//actions/secrets/public-key type=owner
[debug] [2022-01-24T12:56:17.423Z] <<< [apiv2][status] GET https://api.github.com/repos//actions/secrets/public-key 404
[debug] [2022-01-24T12:56:17.424Z] <<< [apiv2][body] GET https://api.github.com/repos//actions/secrets/public-key {"message":"Not Found","documentation_url":"https://docs.github.com/rest"}
